<?xml version="1.0" encoding="UTF-8"?>
<!-- Generated by org.testng.reporters.JUnitReportReporter -->
<testsuite skipped="0" hostname="DESKTOP-N308L1J" name="test.AddContactTest" tests="1" failures="0" timestamp="03 Oct 2021 18:21:53 GMT" time="10.710" errors="0">
  <testcase name="validUserShouldBeAbleToAddCustomer" time="10.710" classname="test.AddContactTest"/>
</testsuite> <!-- test.AddContactTest -->
