<?xml version="1.0" encoding="UTF-8"?>
<!-- Generated by org.testng.reporters.JUnitReportReporter -->
<testsuite skipped="0" hostname="DESKTOP-N308L1J" name="test.LoginTest" tests="1" failures="0" timestamp="03 Oct 2021 17:36:35 GMT" time="10.053" errors="0">
  <testcase name="verifiedUserShouldBeAbleToLogin" time="10.053" classname="test.LoginTest"/>
</testsuite> <!-- test.LoginTest -->
